"../../../Engine/Content/Animation/DefaultAnimBoneCompressionSettings.uasset" 0
"D:/project_radium_repo/project_radium/Content/Meshes/TPose_Skeleton.uasset" 1
"D:/project_radium_repo/project_radium/Content/Animations/AttackCCW.uasset" 2
"D:/project_radium_repo/project_radium/Content/Meshes/Corrupted_Skeleton.uasset" 3
"D:/project_radium_repo/project_radium/Content/Animations/CorruptedAttackLeft.uasset" 4
"D:/project_radium_repo/project_radium/Content/Animations/CorruptedAttackLeft_Montage.uasset" 5
"D:/project_radium_repo/project_radium/Content/Animations/Death.uasset" 6
"D:/project_radium_repo/project_radium/Content/Animations/HurtLeft.uasset" 7
"D:/project_radium_repo/project_radium/Content/Animations/Move.uasset" 8
"D:/project_radium_repo/project_radium/Content/Meshes/Uncorrupted_Skeleton.uasset" 9
"D:/project_radium_repo/project_radium/Content/Animations/UncorruptedMove.uasset" 10
"D:/project_radium_repo/project_radium/Content/Animations/WindupCCW.uasset" 11
"D:/project_radium_repo/project_radium/Content/Audio/Bat_Dies.uasset" 12
"D:/project_radium_repo/project_radium/Content/Audio/Bat_Dies_Cue.uasset" 13
"D:/project_radium_repo/project_radium/Content/Audio/Bat_Spots_You.uasset" 14
"D:/project_radium_repo/project_radium/Content/Audio/Bat_Spots_You_Cue.uasset" 15
"D:/project_radium_repo/project_radium/Content/Audio/Grass_forest_game_1.uasset" 16
"D:/project_radium_repo/project_radium/Content/Audio/Grass_forest_game_1_Cue1.uasset" 17
"D:/project_radium_repo/project_radium/Content/Audio/Grass_forest_game_2.uasset" 18
"D:/project_radium_repo/project_radium/Content/Mannequin/Character/Mesh/UE4_Mannequin_Skeleton.uasset" 19
"D:/project_radium_repo/project_radium/Content/Mannequin/Animations/ThirdPerson_Jump.uasset" 20
"D:/project_radium_repo/project_radium/Content/Mannequin/Animations/ThirdPersonJump_Loop.uasset" 21
"D:/project_radium_repo/project_radium/Content/Mannequin/Animations/ThirdPersonJump_Start.uasset" 22
"D:/project_radium_repo/project_radium/Content/Mannequin/Animations/ThirdPersonIdle.uasset" 23
"D:/project_radium_repo/project_radium/Content/Mannequin/Animations/ThirdPersonRun.uasset" 24
"D:/project_radium_repo/project_radium/Content/Mannequin/Animations/ThirdPersonWalk.uasset" 25
"D:/project_radium_repo/project_radium/Content/Mannequin/Animations/ThirdPerson_IdleRun_2D.uasset" 26
"../../../Engine/Content/EditorBlueprintResources/StandardMacros.uasset" 27
"D:/project_radium_repo/project_radium/Content/Mannequin/Animations/ThirdPerson_AnimBP.uasset" 28
"D:/project_radium_repo/project_radium/Content/Animations/Idle.uasset" 29
"D:/project_radium_repo/project_radium/Content/Animations/Move__1.uasset" 30
"D:/project_radium_repo/project_radium/Content/Blueprints/Player_AnimBS.uasset" 31
"D:/project_radium_repo/project_radium/Content/Blueprints/Player_AnimBP.uasset" 32
"D:/project_radium_repo/project_radium/Content/Animations/UncorruptedIdle.uasset" 33
"D:/project_radium_repo/project_radium/Content/Blueprints/Uncorrupted_AnimBP.uasset" 34
"D:/project_radium_repo/project_radium/Content/Animations/AttackCW.uasset" 35
"D:/project_radium_repo/project_radium/Content/Animations/AttackCW_Montage.uasset" 36
"D:/project_radium_repo/project_radium/Content/Animations/Jump.uasset" 37
"D:/project_radium_repo/project_radium/Content/Animations/Jump_Montage.uasset" 38
"D:/project_radium_repo/project_radium/Content/Animations/Jump_Start.uasset" 39
"D:/project_radium_repo/project_radium/Content/Animations/Jump_Start_Montage.uasset" 40
"D:/project_radium_repo/project_radium/Content/Animations/JumpEnd.uasset" 41
"D:/project_radium_repo/project_radium/Content/Animations/JumpEnd_Montage.uasset" 42
"D:/project_radium_repo/project_radium/Content/Animations/WindupCW.uasset" 43
"D:/project_radium_repo/project_radium/Content/Animations/WindupCW_Montage.uasset" 44
"D:/project_radium_repo/project_radium/Content/Audio/Impact_Stun_1.uasset" 45
"D:/project_radium_repo/project_radium/Content/Audio/Impact_Stun_1_Cue.uasset" 46
"D:/project_radium_repo/project_radium/Content/Meshes/M_Glass.uasset" 47
"D:/project_radium_repo/project_radium/Content/Textures/T_Lantern.uasset" 48
"D:/project_radium_repo/project_radium/Content/Meshes/M_Lantern.uasset" 49
"D:/project_radium_repo/project_radium/Content/Meshes/Lantern__1__PhysicsAsset.uasset" 50
"D:/project_radium_repo/project_radium/Content/Meshes/Lantern__1__Skeleton.uasset" 51
"D:/project_radium_repo/project_radium/Content/Meshes/Lantern__1_.uasset" 52
"D:/project_radium_repo/project_radium/Content/Blueprints/BP_Lantern.uasset" 53
"D:/project_radium_repo/project_radium/Content/Animations/CorruptedIdle.uasset" 54
"D:/project_radium_repo/project_radium/Content/Animations/CorruptedMove.uasset" 55
"D:/project_radium_repo/project_radium/Content/Blueprints/Corrupted_AnimBS.uasset" 56
"D:/project_radium_repo/project_radium/Content/Blueprints/Corrupted_AnimBP.uasset" 57
"D:/project_radium_repo/project_radium/Content/Animations/CorruptedAttackRight.uasset" 58
"D:/project_radium_repo/project_radium/Content/Animations/CorruptedAttackRight_Montage.uasset" 59
"D:/project_radium_repo/project_radium/Content/Enemies/BB_FollowPlayer.uasset" 60
"D:/project_radium_repo/project_radium/Content/Enemies/ChasePlayer.uasset" 61
"D:/project_radium_repo/project_radium/Content/Enemies/FindPlayerLocation.uasset" 62
"D:/project_radium_repo/project_radium/Content/Enemies/FindRandomLocation.uasset" 63
"D:/project_radium_repo/project_radium/Content/Enemies/PermanentStop.uasset" 64
"D:/project_radium_repo/project_radium/Content/Enemies/StopMovement.uasset" 65
"D:/project_radium_repo/project_radium/Content/Enemies/BT_FollowPlayer.uasset" 66
"D:/project_radium_repo/project_radium/Content/Textures/T_Corrupted.uasset" 67
"D:/project_radium_repo/project_radium/Content/Meshes/M_Corrupted.uasset" 68
"D:/project_radium_repo/project_radium/Content/Meshes/M_Corrupted__Light_.uasset" 69
"D:/project_radium_repo/project_radium/Content/Meshes/Corrupted_PhysicsAsset.uasset" 70
"D:/project_radium_repo/project_radium/Content/Meshes/Corrupted.uasset" 71
"D:/project_radium_repo/project_radium/Content/StarterContent/Textures/T_Burst_M.uasset" 72
"D:/project_radium_repo/project_radium/Content/StarterContent/Particles/Materials/M_Burst.uasset" 73
"D:/project_radium_repo/project_radium/Content/StarterContent/Textures/T_Explosion_SubUV.uasset" 74
"D:/project_radium_repo/project_radium/Content/StarterContent/Particles/Materials/M_explosion_subUV.uasset" 75
"D:/project_radium_repo/project_radium/Content/StarterContent/Particles/Materials/m_flare_01.uasset" 76
"../../../Engine/Content/Functions/Engine_MaterialFunctions01/Gradient/RadialGradient.uasset" 77
"D:/project_radium_repo/project_radium/Content/StarterContent/Particles/Materials/M_radial_ramp.uasset" 78
"D:/project_radium_repo/project_radium/Content/StarterContent/Textures/T_Smoke_SubUV.uasset" 79
"D:/project_radium_repo/project_radium/Content/StarterContent/Textures/T_Smoke_Tiled_D.uasset" 80
"D:/project_radium_repo/project_radium/Content/StarterContent/Particles/Materials/M_smoke_subUV.uasset" 81
"D:/project_radium_repo/project_radium/Content/StarterContent/Particles/P_Explosion.uasset" 82
"D:/project_radium_repo/project_radium/Content/UI/PressEToPurify.uasset" 83
"D:/project_radium_repo/project_radium/Content/Enemies/BP_AdvancedAI.uasset" 84
"D:/project_radium_repo/project_radium/Content/Audio/Charge_Up_Lantern.uasset" 85
"D:/project_radium_repo/project_radium/Content/Audio/Charge_Up_Lantern_Cue.uasset" 86
"D:/project_radium_repo/project_radium/Content/Audio/Grass_forest_game_1_Cue.uasset" 87
"D:/project_radium_repo/project_radium/Content/Audio/Launch_Projectile_Updated.uasset" 88
"D:/project_radium_repo/project_radium/Content/Audio/Launch_Projectile_Updated_Cue.uasset" 89
"D:/project_radium_repo/project_radium/Content/Meshes/T_Eyvali.uasset" 90
"D:/project_radium_repo/project_radium/Content/Meshes/M_Eyvrali.uasset" 91
"D:/project_radium_repo/project_radium/Content/Meshes/TPose_PhysicsAsset.uasset" 92
"D:/project_radium_repo/project_radium/Content/Meshes/TPose.uasset" 93
"D:/project_radium_repo/project_radium/Content/Textures/T_Uncorrupted.uasset" 94
"D:/project_radium_repo/project_radium/Content/Meshes/M_Uncorrupted.uasset" 95
"D:/project_radium_repo/project_radium/Content/Meshes/M_Uncorrupted__Light_.uasset" 96
"D:/project_radium_repo/project_radium/Content/Meshes/Uncorrupted_PhysicsAsset.uasset" 97
"D:/project_radium_repo/project_radium/Content/Meshes/Uncorrupted.uasset" 98
"D:/project_radium_repo/project_radium/Content/UI/HowToPlay_2.uasset" 99
"D:/project_radium_repo/project_radium/Content/UI/HowToPlay.uasset" 100
"D:/project_radium_repo/project_radium/Content/UI/MainMenu.uasset" 101
"D:/project_radium_repo/project_radium/Content/UI/Credits.uasset" 102
"D:/project_radium_repo/project_radium/Content/UI/Pause.uasset" 103
"D:/project_radium_repo/project_radium/Content/Blueprints/BP_CharacterPawn.uasset" 104
"D:/project_radium_repo/project_radium/Content/Enemies/EnvQueryContext_AllPlayers.uasset" 105
"D:/project_radium_repo/project_radium/Content/Enemies/EQS_FindMoveTo.uasset" 106
"../../../Engine/Content/Functions/Engine_MaterialFunctions02/Utility/BlendAngleCorrectedNormals.uasset" 107
"../../../Engine/Content/Functions/MaterialLayerFunctions/MatLayerBlend_NormalBlend.uasset" 108
"../../../Engine/Content/Functions/MaterialLayerFunctions/MatLayerBlend_Simple.uasset" 109
"D:/project_radium_repo/project_radium/Content/Mannequin/Character/Materials/MaterialLayers/T_ML_Rubber_Blue_01_D.uasset" 110
"D:/project_radium_repo/project_radium/Content/Mannequin/Character/Materials/MaterialLayers/T_ML_Rubber_Blue_01_N.uasset" 111
"D:/project_radium_repo/project_radium/Content/Mannequin/Character/Materials/MaterialLayers/ML_GlossyBlack_Latex_UE4.uasset" 112
"D:/project_radium_repo/project_radium/Content/Mannequin/Character/Materials/MaterialLayers/ML_Plastic_Shiny_Beige.uasset" 113
"D:/project_radium_repo/project_radium/Content/Mannequin/Character/Textures/UE4_LOGO_CARD.uasset" 114
"D:/project_radium_repo/project_radium/Content/Mannequin/Character/Materials/MaterialLayers/ML_Plastic_Shiny_Beige_LOGO.uasset" 115
"D:/project_radium_repo/project_radium/Content/Mannequin/Character/Materials/MaterialLayers/T_ML_Aluminum01.uasset" 116
"D:/project_radium_repo/project_radium/Content/Mannequin/Character/Materials/MaterialLayers/T_ML_Aluminum01_N.uasset" 117
"D:/project_radium_repo/project_radium/Content/Mannequin/Character/Materials/MaterialLayers/ML_SoftMetal_UE4.uasset" 118
"D:/project_radium_repo/project_radium/Content/Mannequin/Character/Textures/UE4_Mannequin__normals.uasset" 119
"D:/project_radium_repo/project_radium/Content/Mannequin/Character/Textures/UE4_Mannequin_MAT_MASKA.uasset" 120
"D:/project_radium_repo/project_radium/Content/Mannequin/Character/Materials/M_UE4Man_Body.uasset" 121
"D:/project_radium_repo/project_radium/Content/Mannequin/Character/Textures/UE4Man_Logo_N.uasset" 122
"D:/project_radium_repo/project_radium/Content/Mannequin/Character/Materials/M_UE4Man_ChestLogo.uasset" 123
"D:/project_radium_repo/project_radium/Content/Mannequin/Character/Mesh/SK_Mannequin_PhysicsAsset.uasset" 124
"D:/project_radium_repo/project_radium/Content/Mannequin/Character/Mesh/SK_Mannequin.uasset" 125
"D:/project_radium_repo/project_radium/Content/Enemies/BP_EQSTestingPawn.uasset" 126
"D:/project_radium_repo/project_radium/Content/Enemies/BB_AdvancedAi.uasset" 127
"D:/project_radium_repo/project_radium/Content/Enemies/BT_AdvancedAI.uasset" 128
"D:/project_radium_repo/project_radium/Content/Enemies/EnvQueryContext_BotSpawns.uasset" 129
"D:/project_radium_repo/project_radium/Content/Enemies/EQS_FindSpawnLocation.uasset" 130
"D:/project_radium_repo/project_radium/Content/Folliage/Textures/Trees/HollowTreeBark001_BaseColor.uasset" 131
"D:/project_radium_repo/project_radium/Content/Folliage/Textures/Trees/HollowTreeBark001_Normal.uasset" 132
"D:/project_radium_repo/project_radium/Content/Folliage/Textures/Trees/HollowTreeBark001_OcclusionRoughnessMetallic.uasset" 133
"D:/project_radium_repo/project_radium/Content/Folliage/Materials/Trees/HollowTree1.uasset" 134
"D:/project_radium_repo/project_radium/Content/Folliage/Textures/GrassAndLeaves/LeafTexture001.uasset" 135
"D:/project_radium_repo/project_radium/Content/Folliage/Materials/Trees/Leaves2Sided.uasset" 136
"D:/project_radium_repo/project_radium/Content/Folliage/Meshes/Trees/HollowTree1LP002.uasset" 137
"D:/project_radium_repo/project_radium/Content/Folliage/Meshes/HollowTree1LP002.uasset" 138
"D:/project_radium_repo/project_radium/Content/Folliage/HollowTree1LP002.uasset" 139
"D:/project_radium_repo/project_radium/Content/Folliage/Textures/Rocks/RockA_Material_BaseColor.uasset" 140
"D:/project_radium_repo/project_radium/Content/Folliage/Textures/Rocks/RockA_Material_Normal.uasset" 141
"D:/project_radium_repo/project_radium/Content/Folliage/Textures/Rocks/RockA_Material_OcclusionRoughnessMetallic.uasset" 142
"D:/project_radium_repo/project_radium/Content/Folliage/Materials/Rocks/RockA.uasset" 143
"D:/project_radium_repo/project_radium/Content/Folliage/Meshes/Rocks/RockA.uasset" 144
"D:/project_radium_repo/project_radium/Content/Folliage/Textures/Rocks/RockB_Material_BaseColor.uasset" 145
"D:/project_radium_repo/project_radium/Content/Folliage/Textures/Rocks/RockB_Material_Normal.uasset" 146
"D:/project_radium_repo/project_radium/Content/Folliage/Textures/Rocks/RockB_Material_OcclusionRoughnessMetallic.uasset" 147
"D:/project_radium_repo/project_radium/Content/Folliage/Materials/Rocks/RockB.uasset" 148
"D:/project_radium_repo/project_radium/Content/Folliage/Meshes/Rocks/RockB.uasset" 149
"D:/project_radium_repo/project_radium/Content/Folliage/Textures/Rocks/RockC_Material_BaseColor.uasset" 150
"D:/project_radium_repo/project_radium/Content/Folliage/Textures/Rocks/RockC_Material_Normal.uasset" 151
"D:/project_radium_repo/project_radium/Content/Folliage/Textures/Rocks/RockC_Material_OcclusionRoughnessMetallic.uasset" 152
"D:/project_radium_repo/project_radium/Content/Folliage/Materials/Rocks/RockC.uasset" 153
"D:/project_radium_repo/project_radium/Content/Folliage/Meshes/Rocks/RockC.uasset" 154
"D:/project_radium_repo/project_radium/Content/Folliage/Textures/GrassAndLeaves/LeafTexture001Alpha.uasset" 155
"D:/project_radium_repo/project_radium/Content/Folliage/Textures/GrassAndLeaves/TerrainColor.uasset" 156
"D:/project_radium_repo/project_radium/Content/Folliage/Textures/GrassAndLeaves/TerrainColor2.uasset" 157
"D:/project_radium_repo/project_radium/Content/Folliage/Textures/GrassAndLeaves/Untitled-1.uasset" 158
"D:/project_radium_repo/project_radium/Content/Folliage/Textures/Ground/Dirt_Stylized001_ambientocclusion_4k.uasset" 159
"D:/project_radium_repo/project_radium/Content/Folliage/Textures/Ground/Dirt_Stylized001_height_4k.uasset" 160
"D:/project_radium_repo/project_radium/Content/Folliage/Textures/Water/T_Fire.uasset" 161
"D:/project_radium_repo/project_radium/Content/Folliage/Textures/Water/T_Fire_Distortion.uasset" 162
"D:/project_radium_repo/project_radium/Content/Folliage/Textures/Water/T_Water_N.uasset" 163
"D:/project_radium_repo/project_radium/Content/Folliage/Textures/Water/WaterMat.uasset" 164
"D:/project_radium_repo/project_radium/Content/Folliage/Textures/Water/WaterMat_Inst.uasset" 165
"D:/project_radium_repo/project_radium/Content/Folliage/Textures/Water/Water.uasset" 166
"D:/project_radium_repo/project_radium/Content/Mannequin/Animations/ThirdPersonJump_End.uasset" 167
"D:/project_radium_repo/project_radium/Content/Meshes/SK_AR4.uasset" 168
"D:/project_radium_repo/project_radium/Content/Meshes/SK_AR4_Physics.uasset" 169
"D:/project_radium_repo/project_radium/Content/Meshes/SK_AR4_Skeleton.uasset" 170
"D:/project_radium_repo/project_radium/Content/Props/Textures/Bridge_Normal.uasset" 171
"D:/project_radium_repo/project_radium/Content/Sequences/CompletedSequence.uasset" 172
"D:/project_radium_repo/project_radium/Content/Sequences/TitleSequence.uasset" 173
"D:/project_radium_repo/project_radium/Content/Sequences/TitleSequence2.uasset" 174
"D:/project_radium_repo/project_radium/Content/Sequences/TitleSequence3.uasset" 175
"D:/project_radium_repo/project_radium/Content/StarterContent/Materials/M_Basic_Wall.uasset" 176
"D:/project_radium_repo/project_radium/Content/StarterContent/Architecture/Pillar_50x500.uasset" 177
"D:/project_radium_repo/project_radium/Content/StarterContent/Architecture/Wall_400x300.uasset" 178
"D:/project_radium_repo/project_radium/Content/StarterContent/Architecture/Wall_400x400.uasset" 179
"D:/project_radium_repo/project_radium/Content/StarterContent/Architecture/Wall_500x500.uasset" 180
"D:/project_radium_repo/project_radium/Content/StarterContent/Architecture/Wall_Door_400x400.uasset" 181
"D:/project_radium_repo/project_radium/Content/StarterContent/Architecture/Wall_Window_400x400.uasset" 182
"D:/project_radium_repo/project_radium/Content/StarterContent/Audio/Collapse01.uasset" 183
"D:/project_radium_repo/project_radium/Content/StarterContent/Audio/Collapse02.uasset" 184
"D:/project_radium_repo/project_radium/Content/StarterContent/Audio/Explosion01.uasset" 185
"D:/project_radium_repo/project_radium/Content/StarterContent/Audio/Explosion02.uasset" 186
"D:/project_radium_repo/project_radium/Content/StarterContent/Audio/Fire01.uasset" 187
"D:/project_radium_repo/project_radium/Content/StarterContent/Audio/Fire_Sparks01.uasset" 188
"D:/project_radium_repo/project_radium/Content/StarterContent/Audio/Light01.uasset" 189
"D:/project_radium_repo/project_radium/Content/StarterContent/Audio/Light01_Cue.uasset" 190
"D:/project_radium_repo/project_radium/Content/StarterContent/Audio/Light02.uasset" 191
"D:/project_radium_repo/project_radium/Content/StarterContent/Audio/Light02_Cue.uasset" 192
"D:/project_radium_repo/project_radium/Content/StarterContent/Audio/Smoke01.uasset" 193
"D:/project_radium_repo/project_radium/Content/StarterContent/Audio/Starter_Birds01.uasset" 194
"D:/project_radium_repo/project_radium/Content/StarterContent/Audio/Starter_Music01.uasset" 195
"D:/project_radium_repo/project_radium/Content/StarterContent/Audio/Starter_Wind05.uasset" 196
"D:/project_radium_repo/project_radium/Content/StarterContent/Audio/Starter_Wind06.uasset" 197
"D:/project_radium_repo/project_radium/Content/StarterContent/Audio/Steam01.uasset" 198
"D:/project_radium_repo/project_radium/Content/StarterContent/Audio/Explosion_Cue.uasset" 199
"D:/project_radium_repo/project_radium/Content/StarterContent/Blueprints/Blueprint_Effect_Explosion.uasset" 200
"../../../Engine/Content/EditorMeshes/ColorCalibrator/T_ColorGrid.uasset" 201
"D:/project_radium_repo/project_radium/Content/StarterContent/Materials/M_ColorGrid_LowSpec.uasset" 202
"D:/project_radium_repo/project_radium/Content/StarterContent/Textures/T_Chair_M.uasset" 203
"D:/project_radium_repo/project_radium/Content/StarterContent/Textures/T_Chair_N.uasset" 204
"D:/project_radium_repo/project_radium/Content/StarterContent/Props/Materials/M_Chair.uasset" 205
"D:/project_radium_repo/project_radium/Content/StarterContent/Props/SM_Couch.uasset" 206
"D:/project_radium_repo/project_radium/Content/StarterContent/Materials/M_Glass.uasset" 207
"D:/project_radium_repo/project_radium/Content/StarterContent/Textures/T_Door_M.uasset" 208
"D:/project_radium_repo/project_radium/Content/StarterContent/Textures/T_Door_N.uasset" 209
"D:/project_radium_repo/project_radium/Content/StarterContent/Props/Materials/M_Door.uasset" 210
"D:/project_radium_repo/project_radium/Content/StarterContent/Props/SM_Door.uasset" 211
"D:/project_radium_repo/project_radium/Content/StarterContent/Props/Materials/M_MaterialSphere.uasset" 212
"D:/project_radium_repo/project_radium/Content/StarterContent/Props/Materials/M_MaterialSphere_Plain.uasset" 213
"D:/project_radium_repo/project_radium/Content/StarterContent/Props/SM_MatPreviewMesh_02.uasset" 214
"D:/project_radium_repo/project_radium/Content/StarterContent/Textures/T_Detail_Rocky_N.uasset" 215
"D:/project_radium_repo/project_radium/Content/StarterContent/Textures/T_Rock_Basalt_D.uasset" 216
"D:/project_radium_repo/project_radium/Content/StarterContent/Textures/T_RockMesh_M.uasset" 217
"D:/project_radium_repo/project_radium/Content/StarterContent/Textures/T_RockMesh_N.uasset" 218
"D:/project_radium_repo/project_radium/Content/StarterContent/Props/Materials/M_Rock.uasset" 219
"D:/project_radium_repo/project_radium/Content/StarterContent/Props/SM_Rock.uasset" 220
"D:/project_radium_repo/project_radium/Content/StarterContent/Textures/T_Shelf_M.uasset" 221
"D:/project_radium_repo/project_radium/Content/StarterContent/Textures/T_Shelf_N.uasset" 222
"D:/project_radium_repo/project_radium/Content/StarterContent/Props/Materials/M_Shelf.uasset" 223
"D:/project_radium_repo/project_radium/Content/StarterContent/Props/SM_Shelf.uasset" 224
"D:/project_radium_repo/project_radium/Content/StarterContent/Materials/M_Basic_Floor.uasset" 225
"D:/project_radium_repo/project_radium/Content/StarterContent/Props/SM_Stairs.uasset" 226
"D:/project_radium_repo/project_radium/Content/StarterContent/Shapes/Shape_Cone.uasset" 227
"D:/project_radium_repo/project_radium/Content/StarterContent/Shapes/Shape_Cylinder.uasset" 228
"D:/project_radium_repo/project_radium/Content/StarterContent/Shapes/Shape_NarrowCapsule.uasset" 229
"D:/project_radium_repo/project_radium/Content/StarterContent/Shapes/Shape_Pipe.uasset" 230
"D:/project_radium_repo/project_radium/Content/StarterContent/Shapes/Shape_Pipe_180.uasset" 231
"D:/project_radium_repo/project_radium/Content/StarterContent/Shapes/Shape_Pipe_90.uasset" 232
"D:/project_radium_repo/project_radium/Content/StarterContent/Shapes/Shape_Plane.uasset" 233
"D:/project_radium_repo/project_radium/Content/StarterContent/Shapes/Shape_Torus.uasset" 234
"D:/project_radium_repo/project_radium/Content/StarterContent/Shapes/Shape_Trim.uasset" 235
"D:/project_radium_repo/project_radium/Content/StarterContent/Shapes/Shape_Trim_90_In.uasset" 236
"D:/project_radium_repo/project_radium/Content/StarterContent/Shapes/Shape_Trim_90_Out.uasset" 237
"D:/project_radium_repo/project_radium/Content/StarterContent/Shapes/Shape_TriPyramid.uasset" 238
"D:/project_radium_repo/project_radium/Content/StarterContent/Shapes/Shape_Tube.uasset" 239
"D:/project_radium_repo/project_radium/Content/StarterContent/Shapes/Shape_Wedge_A.uasset" 240
"D:/project_radium_repo/project_radium/Content/StarterContent/Shapes/Shape_Wedge_B.uasset" 241
"D:/project_radium_repo/project_radium/Content/StarterContent/Shapes/Shape_WideCapsule.uasset" 242
"D:/project_radium_repo/project_radium/Content/ThirdPersonBP/ThirdPersonOverview.uasset" 243
"D:/project_radium_repo/project_radium/Content/UI/v-video-games-thread-349945239-red-dot-crosshair-png-420_420-removebg-preview.uasset" 244
"D:/project_radium_repo/project_radium/Content/UI/Crosshair/frame0001.uasset" 245
"D:/project_radium_repo/project_radium/Content/UI/Crosshair/frame0002.uasset" 246
"D:/project_radium_repo/project_radium/Content/UI/Crosshair/frame0003.uasset" 247
"D:/project_radium_repo/project_radium/Content/UI/Crosshair/frame0004.uasset" 248
"D:/project_radium_repo/project_radium/Content/UI/Crosshair/frame0005.uasset" 249
"D:/project_radium_repo/project_radium/Content/UI/Crosshair/frame0006.uasset" 250
"D:/project_radium_repo/project_radium/Content/UI/Crosshair/frame0007.uasset" 251
"D:/project_radium_repo/project_radium/Content/UI/Crosshair/frame0008.uasset" 252
"D:/project_radium_repo/project_radium/Content/UI/Crosshair/frame0009.uasset" 253
"D:/project_radium_repo/project_radium/Content/UI/Crosshair/frame0010.uasset" 254
"D:/project_radium_repo/project_radium/Content/UI/Crosshair/frame0011.uasset" 255
"D:/project_radium_repo/project_radium/Content/UI/Crosshair/frame0012.uasset" 256
"D:/project_radium_repo/project_radium/Content/UI/Crosshair/frame0013.uasset" 257
"D:/project_radium_repo/project_radium/Content/UI/Crosshair/frame0014.uasset" 258
"D:/project_radium_repo/project_radium/Content/UI/Crosshair/frame0015.uasset" 259
"D:/project_radium_repo/project_radium/Content/UI/Crosshair/frame0016.uasset" 260
"D:/project_radium_repo/project_radium/Content/UI/Crosshair/frame0017.uasset" 261
"D:/project_radium_repo/project_radium/Content/UI/Crosshair/frame0018.uasset" 262
"D:/project_radium_repo/project_radium/Content/UI/Crosshair/frame0019.uasset" 263
"D:/project_radium_repo/project_radium/Content/UI/Crosshair/frame0020.uasset" 264
"D:/project_radium_repo/project_radium/Content/UI/Crosshair/frame0021.uasset" 265
"D:/project_radium_repo/project_radium/Content/UI/Crosshair/frame0022.uasset" 266
"D:/project_radium_repo/project_radium/Content/UI/Crosshair/frame0023.uasset" 267
"D:/project_radium_repo/project_radium/Content/UI/Crosshair/frame0024.uasset" 268
"D:/project_radium_repo/project_radium/Content/UI/Crosshair/frame0025.uasset" 269
"D:/project_radium_repo/project_radium/Content/UI/Crosshair/frame0026.uasset" 270
"D:/project_radium_repo/project_radium/Content/UI/Crosshair/frame0027.uasset" 271
"D:/project_radium_repo/project_radium/Content/UI/Crosshair/frame0028.uasset" 272
"D:/project_radium_repo/project_radium/Content/UI/Crosshair/frame0029.uasset" 273
"D:/project_radium_repo/project_radium/Content/UI/Crosshair/frame0030.uasset" 274
"D:/project_radium_repo/project_radium/Content/UI/Crosshair/frame0031.uasset" 275
"D:/project_radium_repo/project_radium/Content/UI/Crosshair/frame0032.uasset" 276
"D:/project_radium_repo/project_radium/Content/UI/Crosshair/frame0033.uasset" 277
"D:/project_radium_repo/project_radium/Content/UI/Crosshair/frame0034.uasset" 278
"D:/project_radium_repo/project_radium/Content/UI/Crosshair/frame0035.uasset" 279
"D:/project_radium_repo/project_radium/Content/UI/Crosshair/frame0036.uasset" 280
"D:/project_radium_repo/project_radium/Content/VFX/TexturesVFX/Beam01_VFX.uasset" 281
"D:/project_radium_repo/project_radium/Content/VFX/MaterialsVFX/Originals/M_ParticlesAdd.uasset" 282
"D:/project_radium_repo/project_radium/Content/VFX/MaterialsVFX/MI_Beam01_Add.uasset" 283
"../../Plugins/FX/Niagara/Content/DynamicInputs/TypeConversions/Vector2DFromFloat.uasset" 284
"../../Plugins/FX/Niagara/Content/DynamicInputs/ValueFromCurve/FloatFromCurve.uasset" 285
"../../Plugins/FX/Niagara/Content/Functions/Emitter/EmitterChangeState.uasset" 286
"../../Plugins/FX/Niagara/Content/Enums/ENiagara_EmitterStateOptions.uasset" 287
"../../Plugins/FX/Niagara/Content/Enums/ENiagara_InfiniteLoopDuration.uasset" 288
"../../Plugins/FX/Niagara/Content/Enums/ENiagaraEmitterLifeCycleMode.uasset" 289
"../../Plugins/FX/Niagara/Content/Enums/ENiagaraEmitterScalabilityMode_Limited.uasset" 290
"../../Plugins/FX/Niagara/Content/Enums/ENiagaraExecutionStateManagement.uasset" 291
"../../Plugins/FX/Niagara/Content/Enums/ENiagaraInactiveMode.uasset" 292
"../../Plugins/FX/Niagara/Content/Modules/Emitter/EmitterState.uasset" 293
"../../Plugins/FX/Niagara/Content/Enums/ENiagaraRandomnessMode.uasset" 294
"../../Plugins/FX/Niagara/Content/Functions/GetRandomInfo.uasset" 295
"../../Plugins/FX/Niagara/Content/Functions/RandomRangeFloat.uasset" 296
"../../Plugins/FX/Niagara/Content/Modules/Emitter/SpawnBurst_Instantaneous.uasset" 297
"../../Plugins/FX/Niagara/Content/Functions/DirectionAndLengthSafe.uasset" 298
"../../Plugins/FX/Niagara/Content/Functions/Localspace/SimulationPosition.uasset" 299
"../../Plugins/FX/Niagara/Content/Modules/Solvers/SolveForcesAndVelocity.uasset" 300
"../../Plugins/FX/Niagara/Content/Modules/Spawn/Initialization/InitializeParticle.uasset" 301
"../../Plugins/FX/Niagara/Content/Enums/ENiagaraScaleColorMode.uasset" 302
"../../Plugins/FX/Niagara/Content/Modules/Update/Color/ScaleColor.uasset" 303
"../../Plugins/FX/Niagara/Content/Modules/Update/Lifetime/ParticleState.uasset" 304
"../../Plugins/FX/Niagara/Content/Modules/Update/Size/ScaleSpriteSize.uasset" 305
"D:/project_radium_repo/project_radium/Content/VFX/NiagaraEmitters/NE_BeamFlash.uasset" 306
"../../Plugins/FX/Niagara/Content/DynamicInputs/UniformRange/UniformRangedFloat.uasset" 307
"../../Plugins/FX/Niagara/Content/Functions/RandomRangeInteger.uasset" 308
"../../Plugins/FX/Niagara/Content/DynamicInputs/UniformRange/UniformRangedInt.uasset" 309
"../../Plugins/FX/Niagara/Content/DynamicInputs/UniformRange/UniformRangedVector.uasset" 310
"../../Plugins/FX/Niagara/Content/Enums/ENiagaraCoordinateSpace.uasset" 311
"../../Plugins/FX/Niagara/Content/Functions/Localspace/TransformBase.uasset" 312
"../../Plugins/FX/Niagara/Content/Functions/Localspace/TransformVector.uasset" 313
"../../Plugins/FX/Niagara/Content/Functions/Math/RemapValueRange.uasset" 314
"../../Plugins/FX/Niagara/Content/Functions/PolarToCartesianCoordinates.uasset" 315
"../../Plugins/FX/Niagara/Content/Functions/RandomVectorInCone.uasset" 316
"../../Plugins/FX/Niagara/Content/Functions/Rotation/FindQuatBetween.uasset" 317
"../../Plugins/FX/Niagara/Content/Functions/Rotation/MultiplyVectorWithQuaternion.uasset" 318
"../../Plugins/FX/Niagara/Content/Modules/Spawn/Velocity/AddVelocityInCone.uasset" 319
"../../Plugins/FX/Niagara/Content/Modules/Update/Forces/GravityForce.uasset" 320
"../../Plugins/FX/Niagara/Content/Modules/Update/Size/ScaleSpriteSizeBySpeed.uasset" 321
"D:/project_radium_repo/project_radium/Content/VFX/NiagaraEmitters/NE_Sparks.uasset" 322
"../../Plugins/FX/Niagara/Content/DynamicInputs/Multiply/Multiply_Float.uasset" 323
"../../Plugins/FX/Niagara/Content/DynamicInputs/TypeConversions/BreakVector.uasset" 324
"../../Plugins/FX/Niagara/Content/Enums/ENiagaraCalculateRadiusOptions.uasset" 325
"../../Plugins/FX/Niagara/Content/Functions/CalculateMeshRadius.uasset" 326
"../../Plugins/FX/Niagara/Content/Functions/CalculateRadiusFromSpriteSize.uasset" 327
"../../Plugins/FX/Niagara/Content/Functions/Helpers/DoOnce_fn.uasset" 328
"../../Plugins/FX/Niagara/Content/Functions/Localspace/TransformPosition.uasset" 329
"../../Plugins/FX/Niagara/Content/Functions/ProjectVectorOnPlane.uasset" 330
"../../Plugins/FX/Niagara/Content/Functions/Rotation/AxisAngleToQuaternion.uasset" 331
"../../Plugins/FX/Niagara/Content/Functions/Rotation/MultiplyQuaternion.uasset" 332
"../../Plugins/FX/Niagara/Content/Functions/Collision/PlaneSphereCollisionDetection.uasset" 333
"../../Plugins/FX/Niagara/Content/Functions/Collision/RandomizeCollisionNormals.uasset" 334
"../../Plugins/FX/Niagara/Content/Functions/Math/CentimeterMeterConversion.uasset" 335
"../../Plugins/FX/Niagara/Content/Functions/ReflectVector.uasset" 336
"../../Plugins/FX/Niagara/Content/Modules/Collision/NiagaraDistanceFieldCollisions.uasset" 337
"../../Plugins/FX/Niagara/Content/Modules/Collision/SceneDepthTest.uasset" 338
"../../Plugins/FX/Niagara/Content/Enums/ENiagara_CPUCollisionType.uasset" 339
"../../Plugins/FX/Niagara/Content/Enums/ENiagara_GPUCollisionType.uasset" 340
"../../Plugins/FX/Niagara/Content/Enums/ENiagaraFrictionMergeType.uasset" 341
"../../Plugins/FX/Niagara/Content/Enums/ENiagaraRestitutionMergeType.uasset" 342
"../../Plugins/FX/Niagara/Content/Modules/Collision/CollisionQueryAndResponse.uasset" 343
"../../Plugins/FX/Niagara/Content/Enums/ENiagaraCollisionRadiusOptions.uasset" 344
"../../Plugins/FX/Niagara/Content/Modules/Collision/Collision.uasset" 345
"../../Plugins/FX/Niagara/Content/Functions/System/SystemChangeState.uasset" 346
"../../Plugins/FX/Niagara/Content/Enums/ENiagaraSystemInactiveMode.uasset" 347
"../../Plugins/FX/Niagara/Content/Modules/System/SystemState.uasset" 348
"D:/project_radium_repo/project_radium/Content/VFX/NiagaraSystems/NS_SparksHit.uasset" 349
"D:/project_radium_repo/project_radium/Content/VFX/TexturesVFX/Beam02_VFX.uasset" 350
"../../../Engine/Content/Animation/DefaultAnimCurveCompressionSettings.uasset" 351
"../../../Engine/Content/Functions/Engine_MaterialFunctions01/Opacity/CameraDepthFade.uasset" 352
"../../../Engine/Content/EngineMaterials/T_Default_Material_Grid_M.uasset" 353
"../../../Engine/Content/EngineMaterials/T_Default_Material_Grid_N.uasset" 354
"../../../Engine/Content/EngineMaterials/WorldGridMaterial.uasset" 355
"../../../Engine/Content/ArtTools/RenderToTexture/Meshes/S_1_Unit_Plane.uasset" 356
"../../../Engine/Content/EngineMaterials/DefaultMaterial.uasset" 357
"../../../Engine/Content/BasicShapes/Cone.uasset" 358
"../../../Engine/Content/BasicShapes/Sphere.uasset" 359
"../../../Engine/Content/EditorLandscapeResources/DataLayer.uasset" 360
"../../../Engine/Content/EditorMaterials/MAT_Groups_Toggle.uasset" 361
"../../../Engine/Content/EditorMaterials/MAT_Groups_Visibility.uasset" 362
"../../../Engine/Content/EditorMaterials/PreviewShadowIndicator.uasset" 363
"../../../Engine/Content/EditorMaterials/PreviewShadowIndicatorMaterial.uasset" 364
"../../../Engine/Content/EditorMaterials/MatineeGroups/MAT_ColorTrack.uasset" 365
"../../../Engine/Content/EditorMaterials/MatineeGroups/MAT_Groups_Anim.uasset" 366
"../../../Engine/Content/EditorMaterials/MatineeGroups/MAT_Groups_AudioMaster.uasset" 367
"../../../Engine/Content/EditorMaterials/MatineeGroups/MAT_Groups_Director.uasset" 368
"../../../Engine/Content/EditorMaterials/MatineeGroups/MAT_Groups_Event.uasset" 369
"../../../Engine/Content/EditorMaterials/MatineeGroups/MAT_Groups_Fade.uasset" 370
"../../../Engine/Content/EditorMaterials/MatineeGroups/MAT_Groups_Float.uasset" 371
"../../../Engine/Content/EditorMaterials/MatineeGroups/MAT_Groups_Move.uasset" 372
"../../../Engine/Content/EditorMaterials/MatineeGroups/MAT_Groups_Slomo.uasset" 373
"../../../Engine/Content/EditorMaterials/MatineeGroups/MAT_Groups_Sound.uasset" 374
"../../../Engine/Content/EditorMaterials/MatineeGroups/MAT_Groups_Vector.uasset" 375
"../../../Engine/Content/EditorMaterials/ParticleSystems/PSysThumbnail_NoImage.uasset" 376
"../../../Engine/Content/EditorMaterials/ParticleSystems/PSysThumbnail_OOD.uasset" 377
"../../../Engine/Content/EditorMaterials/Camera/CineMat.uasset" 378
"../../../Engine/Content/EditorMaterials/Camera/MI_CineMat_Rig.uasset" 379
"../../../Engine/Content/EditorMeshes/Camera/SM_CraneRig_Arm.uasset" 380
"../../../Engine/Content/EditorMeshes/Camera/SM_CraneRig_Base.uasset" 381
"../../../Engine/Content/EditorMeshes/Camera/SM_CraneRig_Body.uasset" 382
"../../../Engine/Content/EditorMeshes/Camera/SM_CraneRig_Mount.uasset" 383
"../../../Engine/Content/EditorMeshes/Camera/SM_RailRig_Mount.uasset" 384
"../../../Engine/Content/EditorMeshes/Camera/SM_RailRig_Track.uasset" 385
"../../../Engine/Content/EditorResources/BSPVertex.uasset" 386
"../../../Engine/Content/EditorResources/EmptyActor.uasset" 387
"../../../Engine/Content/EditorResources/S_Actor.uasset" 388
"../../../Engine/Content/EditorResources/S_Note.uasset" 389
"../../../Engine/Content/EditorResources/S_Solver.uasset" 390
"../../../Engine/Content/EditorResources/S_Trigger.uasset" 391
"../../../Engine/Content/EditorResources/AudioIcons/S_AudioComponent.uasset" 392
"../../../Engine/Content/EditorResources/AudioIcons/S_AudioComponent_AutoActivate.uasset" 393
"../../../Engine/Content/EditorResources/LightIcons/S_LightError.uasset" 394
"../../../Engine/Content/EditorResources/SequenceRecorder/Countdown.uasset" 395
"../../../Engine/Content/EditorResources/SequenceRecorder/RecordingIndicator.uasset" 396
"../../../Engine/Content/EditorSounds/Notifications/CompileFailed.uasset" 397
"../../../Engine/Content/EditorSounds/Notifications/CompileFailed_Cue.uasset" 398
"../../../Engine/Content/EditorSounds/Notifications/CompileSuccess.uasset" 399
"../../../Engine/Content/EditorSounds/Notifications/CompileStart_Cue.uasset" 400
"../../../Engine/Content/EditorSounds/Notifications/CompileSuccess_Cue.uasset" 401
"../../../Engine/Content/EngineDamageTypes/DmgTypeBP_Environmental.uasset" 402
"../../../Engine/Content/EngineDebugMaterials/DebugEditorMaterial.uasset" 403
"../../../Engine/Content/EngineDebugMaterials/DebugMeshMaterial.uasset" 404
"../../../Engine/Content/EngineDebugMaterials/M_SimpleUnlitTranslucent.uasset" 405
"../../../Engine/Content/Functions/Engine_MaterialFunctions02/Utility/CameraDirectionVector.uasset" 406
"../../../Engine/Content/EngineDebugMaterials/VolumeToRender.uasset" 407
"../../../Engine/Content/EngineDebugMaterials/M_VolumeRenderSphereTracePP.uasset" 408
"../../../Engine/Content/EngineDebugMaterials/WireframeMaterial.uasset" 409
"../../../Engine/Content/EngineFonts/Faces/DroidSansFallback.uasset" 410
"../../../Engine/Content/EngineFonts/Faces/RobotoBold.uasset" 411
"../../../Engine/Content/EngineFonts/Faces/RobotoBoldItalic.uasset" 412
"../../../Engine/Content/EngineFonts/Faces/RobotoItalic.uasset" 413
"../../../Engine/Content/EngineFonts/Faces/RobotoLight.uasset" 414
"../../../Engine/Content/EngineFonts/Faces/RobotoRegular.uasset" 415
"../../../Engine/Content/EngineFonts/Roboto.uasset" 416
"../../../Engine/Content/EngineMaterials/BaseFlattenDiffuseMap.uasset" 417
"../../../Engine/Content/EngineMaterials/BaseFlattenEmissiveMap.uasset" 418
"../../../Engine/Content/EngineMaterials/BaseFlattenGrayscaleMap.uasset" 419
"../../../Engine/Content/EngineMaterials/BaseFlattenNormalMap.uasset" 420
"../../../Engine/Content/EngineMaterials/BaseFlattenMaterial.uasset" 421
"../../../Engine/Content/EngineMaterials/BlueNoise.uasset" 422
"../../../Engine/Content/EngineMaterials/DefaultBloomKernel.uasset" 423
"../../../Engine/Content/EngineMaterials/DefaultBokeh.uasset" 424
"../../../Engine/Content/EngineMaterials/DefaultDiffuse.uasset" 425
"../../../Engine/Content/EngineMaterials/DefaultDeferredDecalMaterial.uasset" 426
"../../../Engine/Content/EngineMaterials/DefaultLightFunctionMaterial.uasset" 427
"../../../Engine/Content/Functions/Engine_MaterialFunctions02/Utility/BreakOutFloat2Components.uasset" 428
"../../../Engine/Content/EngineMaterials/DefaultPostProcessMaterial.uasset" 429
"../../../Engine/Content/EngineFonts/RobotoDistanceField.uasset" 430
"../../../Engine/Content/EngineMaterials/DefaultTextMaterialOpaque.uasset" 431
"../../../Engine/Content/EngineMaterials/DefaultWhiteGrid.uasset" 432
"../../../Engine/Content/EngineMaterials/DefaultWhiteGrid_Low.uasset" 433
"../../../Engine/Content/EngineMaterials/EmissiveMeshMaterial.uasset" 434
"../../../Engine/Content/EngineMaterials/GizmoMaterial.uasset" 435
"../../../Engine/Content/EngineMaterials/Good64x64TilingNoiseHighFreq.uasset" 436
"../../../Engine/Content/EngineMaterials/MiniFont.uasset" 437
"../../../Engine/Content/EngineMaterials/InvalidLightmapSettings.uasset" 438
"../../../Engine/Content/EngineMaterials/M_InvalidLightmapSettings.uasset" 439
"../../../Engine/Content/Functions/Engine_MaterialFunctions02/WorldPositionOffset/CameraOffset.uasset" 440
"../../../Engine/Content/EngineMaterials/PhAT_JointLimitMaterial.uasset" 441
"../../../Engine/Content/EngineMaterials/PreintegratedSkinBRDF.uasset" 442
"../../../Engine/Content/EngineMaterials/RemoveSurfaceMaterial.uasset" 443
"../../../Engine/Content/EngineResources/WhiteSquareTexture.uasset" 444
"../../../Engine/Content/EngineMaterials/Widget3DPassThrough.uasset" 445
"../../../Engine/Content/EngineMaterials/Widget3DPassThrough_Masked.uasset" 446
"../../../Engine/Content/EngineMaterials/Widget3DPassThrough_Opaque.uasset" 447
"../../../Engine/Content/EngineMaterials/Widget3DPassThrough_Masked_OneSided.uasset" 448
"../../../Engine/Content/EngineMaterials/Widget3DPassThrough_Opaque_OneSided.uasset" 449
"../../../Engine/Content/EngineMaterials/Widget3DPassThrough_Translucent.uasset" 450
"../../../Engine/Content/EngineMaterials/Widget3DPassThrough_Translucent_OneSided.uasset" 451
"../../../Engine/Content/EngineMeshes/Cylinder.uasset" 452
"../../../Engine/Content/EngineMeshes/Sphere.uasset" 453
"../../../Engine/Content/EngineResources/Black.uasset" 454
"../../../Engine/Content/EngineResources/DefaultTexture.uasset" 455
"../../../Engine/Content/EngineResources/DefaultTextureCube.uasset" 456
"../../../Engine/Content/EngineResources/DefaultVolumeTexture2D.uasset" 457
"../../../Engine/Content/EngineResources/DefaultVolumeTexture.uasset" 458
"../../../Engine/Content/EngineResources/GradientTexture0.uasset" 459
"../../../Engine/Content/EngineSounds/Master.uasset" 460
"../../../Engine/Content/Functions/Engine_MaterialFunctions01/Shading/ConvertFromDiffSpec.uasset" 461
"../../../Engine/Content/Functions/Engine_MaterialFunctions01/Shading/PowerToRoughness.uasset" 462
"../../../Engine/Content/Maps/Templates/Thumbnails/Default.uasset" 463
"../../../Engine/Content/Maps/Templates/Thumbnails/TimeOfDay.uasset" 464
"../../../Engine/Content/Maps/Templates/Thumbnails/VR-Basic.uasset" 465
"../../../Engine/Content/MobileResources/T_MobileControls_texture.uasset" 466
"../../../Engine/Content/MobileResources/T_MobileMenu2.uasset" 467
"../../../Engine/Content/MobileResources/HUD/AnalogHat.uasset" 468
"../../../Engine/Content/MobileResources/HUD/VirtualJoystick_Background.uasset" 469
"../../../Engine/Content/MobileResources/HUD/VirtualJoystick_Thumb.uasset" 470
"../../../Engine/Content/MobileResources/HUD/DefaultVirtualJoysticks.uasset" 471
"../../../Engine/Content/MobileResources/HUD/LeftVirtualJoystickOnly.uasset" 472
"../../../Engine/Content/MobileResources/HUD/MobileHUDButton1_off.uasset" 473
"../../../Engine/Content/MobileResources/HUD/MobileHUDButton1_on.uasset" 474
"../../../Engine/Content/MobileResources/HUD/MobileHUDButton2_off.uasset" 475
"../../../Engine/Content/MobileResources/HUD/MobileHUDButton2_on.uasset" 476
"../../../Engine/Content/MobileResources/HUD/MobileHUDButton3.uasset" 477
"../../../Engine/Content/MobileResources/HUD/MobileHUDButtonFire.uasset" 478
"../../../Engine/Content/MobileResources/HUD/MobileHUDDirectionPad.uasset" 479
"../../../Engine/Content/MobileResources/HUD/MobileHUDDirectionPad2.uasset" 480
"../../../Engine/Content/MobileResources/HUD/MobileHUDDirectionPad3.uasset" 481
"../../../Engine/Content/MobileResources/HUD/MobileHUDDirectionStick.uasset" 482
"../../../Engine/Content/MobileResources/HUD/T_Castle_ThumbstickInner.uasset" 483
"../../../Engine/Content/MobileResources/HUD/T_Castle_ThumbstickOutter.uasset" 484
"../../../Engine/Content/Tutorial/ContentIntroCurve.uasset" 485
"../../../Engine/Content/Tutorial/Basics/LevelEditorAttract.uasset" 486
"../../../Engine/Content/Tutorial/Basics/TutorialAssets/icon_tab_Levels_40x.uasset" 487
"../../../Engine/Content/Tutorial/Basics/LevelEditorOverview.uasset" 488
"../../../Engine/Content/VREditor/LaserPointer/VR_LaserPower_01.uasset" 489
"../../../Engine/Content/VREditor/TransformGizmo/TransformGizmoMaterial.uasset" 490
"../../../Engine/Content/VREditor/TransformGizmo/TranslucentTransformGizmoMaterial.uasset" 491
"../../../Engine/Content/VREditor/TransformGizmo/BoundingBoxCorner.uasset" 492
"../../../Engine/Content/VREditor/TransformGizmo/BoundingBoxEdge.uasset" 493
"../../../Engine/Content/VREditor/TransformGizmo/PlaneTranslationHandle.uasset" 494
"../../../Engine/Content/VREditor/TransformGizmo/Main.uasset" 495
"../../../Engine/Content/VREditor/TransformGizmo/Xray.uasset" 496
"../../../Engine/Content/VREditor/TransformGizmo/SM_Sequencer_Key.uasset" 497
"../../../Engine/Content/VREditor/TransformGizmo/SM_Sequencer_Node.uasset" 498
"../../Plugins/2D/Paper2D/Content/PlaceholderTextures/DummySpriteTexture.uasset" 499
"../../Plugins/2D/Paper2D/Content/DummySprite.uasset" 500
"../../Plugins/2D/Paper2D/Content/DefaultPaperTerrainMaterial.uasset" 501
"../../Plugins/2D/Paper2D/Content/DefaultSpriteMaterial.uasset" 502
"../../Plugins/2D/Paper2D/Content/MaskedUnlitSpriteMaterial.uasset" 503
"../../Plugins/2D/Paper2D/Content/OpaqueUnlitSpriteMaterial.uasset" 504
"../../Plugins/FX/Niagara/Content/Enums/ENiagaraBooleanLogicOps.uasset" 505
"../../Plugins/FX/Niagara/Content/Enums/ENiagaraExpansionMode.uasset" 506
"../../Plugins/FX/Niagara/Content/Enums/ENiagaraOrientationAxis.uasset" 507
"../../../Engine/Content/Functions/Engine_MaterialFunctions02/Utility/BreakOutFloat4Components.uasset" 508
"../../../Engine/Content/Functions/Engine_MaterialFunctions02/Utility/MakeFloat2.uasset" 509
"../../../Engine/Content/Functions/Engine_MaterialFunctions02/Utility/MakeFloat3.uasset" 510
"../../Plugins/Runtime/Oculus/OculusVR/Content/Materials/OculusMR_ChromaKey.uasset" 511
"../../Plugins/Runtime/Oculus/OculusVR/Content/Materials/OculusMR_ChromaKey_Lit.uasset" 512
"../../Plugins/Runtime/Oculus/OculusVR/Content/Materials/OculusMR_OpaqueColoredMaterial.uasset" 513
"../../Plugins/Runtime/Oculus/OculusVR/Content/Materials/OculusMR_WhiteMaterial.uasset" 514
"../../../Engine/Content/EngineSky/C_Sky_Cloud_Color.uasset" 515
"../../../Engine/Content/EngineSky/C_Sky_Horizon_Color.uasset" 516
"../../../Engine/Content/EngineSky/C_Sky_Zenith_Color.uasset" 517
"../../../Engine/Content/EngineSky/T_Sky_Blue.uasset" 518
"../../../Engine/Content/EngineSky/T_Sky_Clouds_M.uasset" 519
"../../../Engine/Content/EngineSky/T_Sky_Stars.uasset" 520
"../../../Engine/Content/EngineSky/M_Sky_Panning_Clouds2.uasset" 521
"../../../Engine/Content/EngineSky/SM_SkySphere.uasset" 522
"../../../Engine/Content/EngineSky/BP_Sky_Sphere.uasset" 523
"D:/project_radium_repo/project_radium/Content/Audio/The_Forest_Gameplay.uasset" 524
"D:/project_radium_repo/project_radium/Content/Audio/The_Forest_Gameplay_Cue.uasset" 525
"D:/project_radium_repo/project_radium/Content/Textures/wispplaceholdericon.uasset" 526
"D:/project_radium_repo/project_radium/Content/UI/Crosshair/frame0000.uasset" 527
"D:/project_radium_repo/project_radium/Content/UI/Game_UI.uasset" 528
"D:/project_radium_repo/project_radium/Content/UI/InteractMessage.uasset" 529
"D:/project_radium_repo/project_radium/Content/UI/HeadsUpDisplay.uasset" 530
"D:/project_radium_repo/project_radium/Content/Blueprints/BP_GameMode.uasset" 531
"D:/project_radium_repo/project_radium/Content/StarterContent/Textures/T_Fire_SubUV.uasset" 532
"D:/project_radium_repo/project_radium/Content/StarterContent/Textures/T_Fire_Tiled_D.uasset" 533
"D:/project_radium_repo/project_radium/Content/StarterContent/Particles/Materials/M_Fire_SubUV.uasset" 534
"D:/project_radium_repo/project_radium/Content/StarterContent/Textures/T_Water_N.uasset" 535
"D:/project_radium_repo/project_radium/Content/StarterContent/Particles/Materials/M_Heat_Distortion.uasset" 536
"D:/project_radium_repo/project_radium/Content/StarterContent/Particles/Materials/M_Radial_Gradient.uasset" 537
"D:/project_radium_repo/project_radium/Content/StarterContent/Particles/P_Fire.uasset" 538
"D:/project_radium_repo/project_radium/Content/Blueprints/BP_WispsPickup.uasset" 539
"../../../Engine/Content/Functions/Engine_MaterialFunctions01/WorldPositionOffset/SimpleGrassWind.uasset" 540
"D:/project_radium_repo/project_radium/Content/Folliage/Textures/GrassAndLeaves/Grass.uasset" 541
"D:/project_radium_repo/project_radium/Content/Folliage/Textures/Ground/Stylized_Grass_Texture.uasset" 542
"D:/project_radium_repo/project_radium/Content/Folliage/Materials/GrassMat.uasset" 543
"D:/project_radium_repo/project_radium/Content/Folliage/Meshes/Grass/Grass1.uasset" 544
"D:/project_radium_repo/project_radium/Content/Folliage/Materials/NewLandscapeGrassType.uasset" 545
"D:/project_radium_repo/project_radium/Content/ThirdPersonBP/Maps/Whitebox01_sharedassets/Dirt_LayerInfo.uasset" 546
"D:/project_radium_repo/project_radium/Content/ThirdPersonBP/Maps/Whitebox01_sharedassets/Grass_LayerInfo.uasset" 547
"D:/project_radium_repo/project_radium/Content/Sequences/GameOverSequence.uasset" 548
"D:/project_radium_repo/project_radium/Content/Maps/Level_01_BuiltData.uasset" 549
"../../../Engine/Content/BasicShapes/BasicShapeMaterial.uasset" 550
"../../../Engine/Content/EngineMaterials/WeightMapPlaceholderTexture.uasset" 551
"D:/project_radium_repo/project_radium/Content/Folliage/Textures/Ground/Dirt_Stylized001_basecolor_4k.uasset" 552
"D:/project_radium_repo/project_radium/Content/Folliage/Textures/Ground/Dirt_Stylized001_normal_4k.uasset" 553
"D:/project_radium_repo/project_radium/Content/Folliage/Textures/Ground/Dirt_Stylized001_roughness_4k.uasset" 554
"D:/project_radium_repo/project_radium/Content/StarterContent/Textures/T_Ground_Grass_D.uasset" 555
"D:/project_radium_repo/project_radium/Content/StarterContent/Textures/T_Ground_Grass_N.uasset" 556
"D:/project_radium_repo/project_radium/Content/StarterContent/Textures/T_Ground_Gravel_D.uasset" 557
"D:/project_radium_repo/project_radium/Content/StarterContent/Textures/T_Ground_Gravel_N.uasset" 558
"D:/project_radium_repo/project_radium/Content/Folliage/Materials/MI_Landscape_2PaintLayers.uasset" 559
"D:/project_radium_repo/project_radium/Content/Folliage/Materials/MI_Landscape_2PaintLayers_Inst.uasset" 560
"../../../Engine/Content/BasicShapes/Plane.uasset" 561
"../../../Engine/Content/EngineMaterials/DefaultPhysicalMaterial.uasset" 562
"D:/project_radium_repo/project_radium/Content/Folliage/Textures/GrassAndLeaves/LeafTexture002.uasset" 563
"D:/project_radium_repo/project_radium/Content/Folliage/Materials/Trees/LeavesDark.uasset" 564
"D:/project_radium_repo/project_radium/Content/Folliage/Meshes/Bush/Bushes001.uasset" 565
"D:/project_radium_repo/project_radium/Content/Folliage/Textures/Plank/Plank_initialShadingGroup_AlbedoTransparency.uasset" 566
"D:/project_radium_repo/project_radium/Content/Folliage/Textures/Plank/Plank_initialShadingGroup_MetallicSmoothness.uasset" 567
"D:/project_radium_repo/project_radium/Content/Folliage/Textures/Plank/Plank_initialShadingGroup_Normal.uasset" 568
"D:/project_radium_repo/project_radium/Content/Folliage/Materials/Plank/PlankMat.uasset" 569
"D:/project_radium_repo/project_radium/Content/Folliage/Meshes/Plank/Plank.uasset" 570
"D:/project_radium_repo/project_radium/Content/Folliage/Textures/Rocks/Rock1_LP_initialShadingGroup_BaseColor.uasset" 571
"D:/project_radium_repo/project_radium/Content/Folliage/Textures/Rocks/Rock1_LP_initialShadingGroup_Normal.uasset" 572
"D:/project_radium_repo/project_radium/Content/Folliage/Textures/Rocks/Rock1_LP_initialShadingGroup_OcclusionRoughnessMetallic.uasset" 573
"D:/project_radium_repo/project_radium/Content/Folliage/Materials/Rocks/Rock1.uasset" 574
"D:/project_radium_repo/project_radium/Content/Folliage/Meshes/Rocks/Rock1.uasset" 575
"D:/project_radium_repo/project_radium/Content/Folliage/Textures/Rocks/Rock2_LP_initialShadingGroup_BaseColor.uasset" 576
"D:/project_radium_repo/project_radium/Content/Folliage/Textures/Rocks/Rock2_LP_initialShadingGroup_Normal.uasset" 577
"D:/project_radium_repo/project_radium/Content/Folliage/Textures/Rocks/Rock2_LP_initialShadingGroup_OcclusionRoughnessMetallic.uasset" 578
"D:/project_radium_repo/project_radium/Content/Folliage/Materials/Rocks/Rock2.uasset" 579
"D:/project_radium_repo/project_radium/Content/Folliage/Meshes/Rocks/Rock2.uasset" 580
"D:/project_radium_repo/project_radium/Content/Folliage/Textures/Rocks/Rock3_LP_initialShadingGroup_BaseColor.uasset" 581
"D:/project_radium_repo/project_radium/Content/Folliage/Textures/Rocks/Rock3_LP_initialShadingGroup_Normal.uasset" 582
"D:/project_radium_repo/project_radium/Content/Folliage/Textures/Rocks/Rock3_LP_initialShadingGroup_OcclusionRoughnessMetallic.uasset" 583
"D:/project_radium_repo/project_radium/Content/Folliage/Materials/Rocks/Rock3.uasset" 584
"D:/project_radium_repo/project_radium/Content/Folliage/Meshes/Rocks/Rock3.uasset" 585
"D:/project_radium_repo/project_radium/Content/Folliage/Textures/Rocks/Rock4_DefaultMaterial_BaseColor.uasset" 586
"D:/project_radium_repo/project_radium/Content/Folliage/Textures/Rocks/Rock4_DefaultMaterial_Normal.uasset" 587
"D:/project_radium_repo/project_radium/Content/Folliage/Textures/Rocks/Rock4_DefaultMaterial_OcclusionRoughnessMetallic.uasset" 588
"D:/project_radium_repo/project_radium/Content/Folliage/Materials/Rocks/Rock4.uasset" 589
"D:/project_radium_repo/project_radium/Content/Folliage/Meshes/Rocks/Rock4.uasset" 590
"D:/project_radium_repo/project_radium/Content/Folliage/Textures/Trees/HollowTree2LP_DefaultMaterial_BaseColor.uasset" 591
"D:/project_radium_repo/project_radium/Content/Folliage/Textures/Trees/HollowTree2LP_DefaultMaterial_Normal.uasset" 592
"D:/project_radium_repo/project_radium/Content/Folliage/Textures/Trees/HollowTree2LP_DefaultMaterial_OcclusionRoughnessMetallic.uasset" 593
"D:/project_radium_repo/project_radium/Content/Folliage/Materials/Trees/HollowTree2.uasset" 594
"D:/project_radium_repo/project_radium/Content/Folliage/Materials/Trees/Leaves.uasset" 595
"D:/project_radium_repo/project_radium/Content/Folliage/Meshes/Trees/HollowTree2.uasset" 596
"../../../Engine/Content/Functions/Engine_MaterialFunctions02/Utility/BreakOutFloat3Components.uasset" 597
"D:/project_radium_repo/project_radium/Content/Folliage/Textures/Trees/Bark.uasset" 598
"D:/project_radium_repo/project_radium/Content/Folliage/Textures/Trees/NormalMap.uasset" 599
"D:/project_radium_repo/project_radium/Content/Folliage/Materials/Trees/TreeBark.uasset" 600
"D:/project_radium_repo/project_radium/Content/Folliage/Meshes/Trees/Tree001.uasset" 601
"D:/project_radium_repo/project_radium/Content/Folliage/Textures/Trees/WorldTree1_initialShadingGroup_BaseColor.uasset" 602
"D:/project_radium_repo/project_radium/Content/Folliage/Textures/Trees/WorldTree1_initialShadingGroup_Normal.uasset" 603
"D:/project_radium_repo/project_radium/Content/Folliage/Textures/Trees/WorldTree1_initialShadingGroup_OcclusionRoughnessMetallic.uasset" 604
"D:/project_radium_repo/project_radium/Content/Folliage/Materials/Trees/WorldTree.uasset" 605
"D:/project_radium_repo/project_radium/Content/Folliage/Meshes/Trees/WorldTree001.uasset" 606
"D:/project_radium_repo/project_radium/Content/Props/Textures/Bridge_Base_Color.uasset" 607
"D:/project_radium_repo/project_radium/Content/Props/Textures/Bridge_Normal_DirectX.uasset" 608
"D:/project_radium_repo/project_radium/Content/Props/Textures/Bridge_OcclusionRoughnessMetallic.uasset" 609
"D:/project_radium_repo/project_radium/Content/Props/lambert5SG.uasset" 610
"D:/project_radium_repo/project_radium/Content/Props/Bridge_Revisited.uasset" 611
"D:/project_radium_repo/project_radium/Content/StarterContent/Textures/T_Bush_D.uasset" 612
"D:/project_radium_repo/project_radium/Content/StarterContent/Textures/T_Bush_N.uasset" 613
"D:/project_radium_repo/project_radium/Content/StarterContent/Props/Materials/M_Bush.uasset" 614
"D:/project_radium_repo/project_radium/Content/StarterContent/Props/SM_Bush.uasset" 615
"D:/project_radium_repo/project_radium/Content/UI/GameOver.uasset" 616
"D:/project_radium_repo/project_radium/Content/UI/Success.uasset" 617
"D:/project_radium_repo/project_radium/Content/Maps/Level_01.umap" 618
"D:/project_radium_repo/project_radium/Content/ThirdPersonBP/Blueprints/BP_CharacterPawn.uasset" 619
"D:/project_radium_repo/project_radium/Content/Maps/testmap_BuiltData.uasset" 620
"../../../Engine/Content/BasicShapes/Cube.uasset" 621
"D:/project_radium_repo/project_radium/Content/Geometry/Meshes/CubeMaterial.uasset" 622
"D:/project_radium_repo/project_radium/Content/Geometry/Meshes/1M_Cube_Chamfer.uasset" 623
"D:/project_radium_repo/project_radium/Content/Geometry/Meshes/TemplateFloor.uasset" 624
"D:/project_radium_repo/project_radium/Content/ThirdPerson/Meshes/RampMaterial.uasset" 625
"D:/project_radium_repo/project_radium/Content/ThirdPerson/Meshes/Bump_StaticMesh.uasset" 626
"D:/project_radium_repo/project_radium/Content/ThirdPerson/Meshes/LeftArm_StaticMesh.uasset" 627
"D:/project_radium_repo/project_radium/Content/ThirdPerson/Meshes/Linear_Stair_StaticMesh.uasset" 628
"D:/project_radium_repo/project_radium/Content/ThirdPerson/Meshes/Ramp_StaticMesh.uasset" 629
"D:/project_radium_repo/project_radium/Content/ThirdPerson/Meshes/RightArm_StaticMesh.uasset" 630
"D:/project_radium_repo/project_radium/Content/Maps/testmap.umap" 631
"../../../Engine/Content/EditorMaterials/Thumbnails/SkySphereMaterial.uasset" 632
"D:/project_radium_repo/project_radium/Content/StarterContent/Blueprints/Assets/Skybox.uasset" 633
"D:/project_radium_repo/project_radium/Content/Maps/Title_Map.umap" 634
"D:/project_radium_repo/project_radium/Content/Maps/VFX_Test_BuiltData.uasset" 635
"../../Plugins/FX/Niagara/Content/DynamicInputs/Divide/Divide_Float.uasset" 636
"../../Plugins/FX/Niagara/Content/DynamicInputs/TypeConversions/MakeVector3_FromColor.uasset" 637
"../../Plugins/FX/Niagara/Content/DynamicInputs/UniformRange/UniformRangedVector2D.uasset" 638
"../../Plugins/FX/Niagara/Content/Enums/ENiagaraChannelCorrelation.uasset" 639
"../../Plugins/FX/Niagara/Content/DynamicInputs/UniformRange/V2/UniformRangedLinearColor.uasset" 640
"../../Plugins/FX/Niagara/Content/Modules/Emitter/SpawnRate.uasset" 641
"D:/project_radium_repo/project_radium/Content/VFX/NiagaraSystems/NS_SparksLoop.uasset" 642
"../../../Engine/Content/MapTemplates/SM_Template_Map_Floor.uasset" 643
"D:/project_radium_repo/project_radium/Content/Maps/VFX_Test.umap" 644
"D:/project_radium_repo/project_radium/Content/StarterContent/Blueprints/Assets/FogBrightnessLUT.uasset" 645
"D:/project_radium_repo/project_radium/Content/StarterContent/Blueprints/Assets/SunlightColorLUT.uasset" 646
"D:/project_radium_repo/project_radium/Content/StarterContent/Blueprints/Assets/M_LightStage_Arrows.uasset" 647
"../../../Engine/Content/MapTemplates/Sky/DaylightAmbientCubemap.uasset" 648
"D:/project_radium_repo/project_radium/Content/StarterContent/Blueprints/Assets/M_LightStage_Skybox_Master.uasset" 649
"D:/project_radium_repo/project_radium/Content/StarterContent/Blueprints/Assets/M_LightStage_Skybox_Black.uasset" 650
"D:/project_radium_repo/project_radium/Content/StarterContent/Blueprints/Assets/M_LightStage_Skybox_HDRI.uasset" 651
"D:/project_radium_repo/project_radium/Content/StarterContent/Blueprints/Assets/SM_Arrows.uasset" 652
"D:/project_radium_repo/project_radium/Content/StarterContent/HDRI/HDRI_Epic_Courtyard_Daylight.uasset" 653
"D:/project_radium_repo/project_radium/Content/StarterContent/Blueprints/BP_LightStudio.uasset" 654
"D:/project_radium_repo/project_radium/Content/StarterContent/Maps/Advanced_Lighting_BuiltData.uasset" 655
"D:/project_radium_repo/project_radium/Content/StarterContent/Materials/M_AssetPlatform.uasset" 656
"../../../Engine/Content/EditorMeshes/ColorCalibrator/M_ChromeBall.uasset" 657
"../../../Engine/Content/EditorMeshes/ColorCalibrator/M_ClearCoat.uasset" 658
"../../../Engine/Content/EditorMeshes/ColorCalibrator/M_ClearCoatBlack.uasset" 659
"../../../Engine/Content/EditorMeshes/ColorCalibrator/Color_checker.uasset" 660
"../../../Engine/Content/EditorMeshes/ColorCalibrator/M_ColorGrid.uasset" 661
"../../../Engine/Content/EditorMeshes/ColorCalibrator/M_GreyBall.uasset" 662
"../../../Engine/Content/EditorMeshes/ColorCalibrator/SM_ColorCalibrator.uasset" 663
"D:/project_radium_repo/project_radium/Content/StarterContent/Architecture/SM_AssetPlatform.uasset" 664
"D:/project_radium_repo/project_radium/Content/StarterContent/Maps/Advanced_Lighting.umap" 665
"D:/project_radium_repo/project_radium/Content/StarterContent/Maps/Minimal_Default_BuiltData.uasset" 666
"D:/project_radium_repo/project_radium/Content/StarterContent/Textures/T_MacroVariation.uasset" 667
"D:/project_radium_repo/project_radium/Content/StarterContent/Materials/M_Metal_Brushed_Nickel.uasset" 668
"D:/project_radium_repo/project_radium/Content/StarterContent/Textures/T_Metal_Aluminum_D.uasset" 669
"D:/project_radium_repo/project_radium/Content/StarterContent/Textures/T_Metal_Gold_N.uasset" 670
"D:/project_radium_repo/project_radium/Content/StarterContent/Materials/M_Metal_Burnished_Steel.uasset" 671
"D:/project_radium_repo/project_radium/Content/StarterContent/Textures/T_Metal_Copper_D.uasset" 672
"D:/project_radium_repo/project_radium/Content/StarterContent/Materials/M_Metal_Copper.uasset" 673
"D:/project_radium_repo/project_radium/Content/StarterContent/Textures/T_Statue_M.uasset" 674
"D:/project_radium_repo/project_radium/Content/StarterContent/Textures/T_Statue_N.uasset" 675
"D:/project_radium_repo/project_radium/Content/StarterContent/Props/Materials/M_StatueGlass.uasset" 676
"D:/project_radium_repo/project_radium/Content/StarterContent/Architecture/Floor_400x400.uasset" 677
"D:/project_radium_repo/project_radium/Content/StarterContent/Audio/Starter_Background_Cue.uasset" 678
"D:/project_radium_repo/project_radium/Content/StarterContent/Props/SM_Chair.uasset" 679
"D:/project_radium_repo/project_radium/Content/StarterContent/Props/Materials/M_Statue.uasset" 680
"D:/project_radium_repo/project_radium/Content/StarterContent/Props/SM_Statue.uasset" 681
"D:/project_radium_repo/project_radium/Content/StarterContent/Textures/T_TableRound_M.uasset" 682
"D:/project_radium_repo/project_radium/Content/StarterContent/Textures/T_TableRound_N.uasset" 683
"D:/project_radium_repo/project_radium/Content/StarterContent/Props/Materials/M_TableRound.uasset" 684
"D:/project_radium_repo/project_radium/Content/StarterContent/Props/SM_TableRound.uasset" 685
"D:/project_radium_repo/project_radium/Content/StarterContent/Maps/Minimal_Default.umap" 686
"D:/project_radium_repo/project_radium/Content/StarterContent/Audio/Fire01_Cue.uasset" 687
"D:/project_radium_repo/project_radium/Content/StarterContent/Blueprints/Blueprint_Effect_Fire.uasset" 688
"D:/project_radium_repo/project_radium/Content/StarterContent/Audio/Smoke01_Cue.uasset" 689
"D:/project_radium_repo/project_radium/Content/StarterContent/Particles/P_Smoke.uasset" 690
"D:/project_radium_repo/project_radium/Content/StarterContent/Blueprints/Blueprint_Effect_Smoke.uasset" 691
"D:/project_radium_repo/project_radium/Content/StarterContent/Audio/Fire_Sparks01_Cue.uasset" 692
"D:/project_radium_repo/project_radium/Content/StarterContent/Textures/T_Spark_Core.uasset" 693
"D:/project_radium_repo/project_radium/Content/StarterContent/Particles/Materials/M_Spark.uasset" 694
"D:/project_radium_repo/project_radium/Content/StarterContent/Particles/P_Sparks.uasset" 695
"D:/project_radium_repo/project_radium/Content/StarterContent/Blueprints/Blueprint_Effect_Sparks.uasset" 696
"D:/project_radium_repo/project_radium/Content/StarterContent/Audio/Steam01_Cue.uasset" 697
"D:/project_radium_repo/project_radium/Content/StarterContent/Particles/P_Steam_Lit.uasset" 698
"D:/project_radium_repo/project_radium/Content/StarterContent/Blueprints/Blueprint_Effect_Steam.uasset" 699
"D:/project_radium_repo/project_radium/Content/StarterContent/Textures/T_Lamp_M.uasset" 700
"D:/project_radium_repo/project_radium/Content/StarterContent/Textures/T_Lamp_N.uasset" 701
"D:/project_radium_repo/project_radium/Content/StarterContent/Props/Materials/M_Lamp.uasset" 702
"D:/project_radium_repo/project_radium/Content/StarterContent/Props/SM_Lamp_Ceiling.uasset" 703
"D:/project_radium_repo/project_radium/Content/StarterContent/Blueprints/Blueprint_CeilingLight.uasset" 704
"D:/project_radium_repo/project_radium/Content/StarterContent/Props/SM_Lamp_Wall.uasset" 705
"D:/project_radium_repo/project_radium/Content/StarterContent/Blueprints/Blueprint_WallSconce.uasset" 706
"D:/project_radium_repo/project_radium/Content/StarterContent/Maps/StarterMap_BuiltData.uasset" 707
"../../../Engine/Content/Functions/Engine_MaterialFunctions03/Procedurals/ComputeFilterWidth.uasset" 708
"../../../Engine/Content/EngineMaterials/AntiAliasedTextMaterialTranslucent.uasset" 709
"D:/project_radium_repo/project_radium/Content/StarterContent/Textures/T_Brick_Clay_Beveled_D.uasset" 710
"D:/project_radium_repo/project_radium/Content/StarterContent/Textures/T_Brick_Clay_Beveled_M.uasset" 711
"D:/project_radium_repo/project_radium/Content/StarterContent/Textures/T_Brick_Clay_Beveled_N.uasset" 712
"D:/project_radium_repo/project_radium/Content/StarterContent/Materials/M_Brick_Clay_Beveled.uasset" 713
"D:/project_radium_repo/project_radium/Content/StarterContent/Textures/T_Brick_Clay_New_D.uasset" 714
"D:/project_radium_repo/project_radium/Content/StarterContent/Textures/T_Brick_Clay_New_M.uasset" 715
"D:/project_radium_repo/project_radium/Content/StarterContent/Textures/T_Brick_Clay_New_N.uasset" 716
"D:/project_radium_repo/project_radium/Content/StarterContent/Materials/M_Brick_Clay_New.uasset" 717
"D:/project_radium_repo/project_radium/Content/StarterContent/Textures/T_Brick_Clay_Old_D.uasset" 718
"D:/project_radium_repo/project_radium/Content/StarterContent/Textures/T_Brick_Clay_Old_N.uasset" 719
"D:/project_radium_repo/project_radium/Content/StarterContent/Textures/T_Perlin_Noise_M.uasset" 720
"D:/project_radium_repo/project_radium/Content/StarterContent/Materials/M_Brick_Clay_Old.uasset" 721
"D:/project_radium_repo/project_radium/Content/StarterContent/Textures/T_Brick_Cut_Stone_D.uasset" 722
"D:/project_radium_repo/project_radium/Content/StarterContent/Textures/T_Brick_Cut_Stone_N.uasset" 723
"D:/project_radium_repo/project_radium/Content/StarterContent/Materials/M_Brick_Cut_Stone.uasset" 724
"D:/project_radium_repo/project_radium/Content/StarterContent/Textures/T_Brick_Hewn_Stone_D.uasset" 725
"D:/project_radium_repo/project_radium/Content/StarterContent/Textures/T_Brick_Hewn_Stone_M.uasset" 726
"D:/project_radium_repo/project_radium/Content/StarterContent/Textures/T_Brick_Hewn_Stone_N.uasset" 727
"D:/project_radium_repo/project_radium/Content/StarterContent/Materials/M_Brick_Hewn_Stone.uasset" 728
"D:/project_radium_repo/project_radium/Content/StarterContent/Textures/T_Ceramic_Tile_M.uasset" 729
"D:/project_radium_repo/project_radium/Content/StarterContent/Textures/T_Ceramic_Tile_N.uasset" 730
"D:/project_radium_repo/project_radium/Content/StarterContent/Textures/T_Rock_Marble_Polished_D.uasset" 731
"D:/project_radium_repo/project_radium/Content/StarterContent/Materials/M_Ceramic_Tile_Checker.uasset" 732
"D:/project_radium_repo/project_radium/Content/StarterContent/Textures/T_CobbleStone_Pebble_D.uasset" 733
"D:/project_radium_repo/project_radium/Content/StarterContent/Textures/T_CobbleStone_Pebble_M.uasset" 734
"D:/project_radium_repo/project_radium/Content/StarterContent/Textures/T_CobbleStone_Pebble_N.uasset" 735
"D:/project_radium_repo/project_radium/Content/StarterContent/Materials/M_CobbleStone_Pebble.uasset" 736
"D:/project_radium_repo/project_radium/Content/StarterContent/Textures/T_CobbleStone_Rough_D.uasset" 737
"D:/project_radium_repo/project_radium/Content/StarterContent/Textures/T_CobbleStone_Rough_N.uasset" 738
"D:/project_radium_repo/project_radium/Content/StarterContent/Textures/T_Gradinet_01.uasset" 739
"D:/project_radium_repo/project_radium/Content/StarterContent/Textures/T_Rock_Smooth_Granite_D.uasset" 740
"D:/project_radium_repo/project_radium/Content/StarterContent/Materials/M_CobbleStone_Rough.uasset" 741
"D:/project_radium_repo/project_radium/Content/StarterContent/Textures/T_CobbleStone_Smooth_D.uasset" 742
"D:/project_radium_repo/project_radium/Content/StarterContent/Textures/T_CobbleStone_Smooth_M.uasset" 743
"D:/project_radium_repo/project_radium/Content/StarterContent/Textures/T_CobbleStone_Smooth_N.uasset" 744
"D:/project_radium_repo/project_radium/Content/StarterContent/Materials/M_CobbleStone_Smooth.uasset" 745
"D:/project_radium_repo/project_radium/Content/StarterContent/Textures/T_Concrete_Grime_D.uasset" 746
"D:/project_radium_repo/project_radium/Content/StarterContent/Textures/T_Metal_Rust_N.uasset" 747
"D:/project_radium_repo/project_radium/Content/StarterContent/Materials/M_Concrete_Grime.uasset" 748
"D:/project_radium_repo/project_radium/Content/StarterContent/Textures/T_Concrete_Panels_D.uasset" 749
"D:/project_radium_repo/project_radium/Content/StarterContent/Textures/T_Concrete_Panels_N.uasset" 750
"D:/project_radium_repo/project_radium/Content/StarterContent/Materials/M_Concrete_Panels.uasset" 751
"D:/project_radium_repo/project_radium/Content/StarterContent/Textures/T_Concrete_Poured_D.uasset" 752
"D:/project_radium_repo/project_radium/Content/StarterContent/Textures/T_Concrete_Poured_N.uasset" 753
"D:/project_radium_repo/project_radium/Content/StarterContent/Materials/M_Concrete_Poured.uasset" 754
"D:/project_radium_repo/project_radium/Content/StarterContent/Textures/T_Concrete_Tiles_D.uasset" 755
"D:/project_radium_repo/project_radium/Content/StarterContent/Textures/T_Concrete_Tiles_M.uasset" 756
"D:/project_radium_repo/project_radium/Content/StarterContent/Textures/T_Concrete_Tiles_N.uasset" 757
"D:/project_radium_repo/project_radium/Content/StarterContent/Textures/T_Concrete_Tiles_Variation_M.uasset" 758
"D:/project_radium_repo/project_radium/Content/StarterContent/Materials/M_Concrete_Tiles.uasset" 759
"D:/project_radium_repo/project_radium/Content/StarterContent/Materials/M_Ground_Grass.uasset" 760
"D:/project_radium_repo/project_radium/Content/StarterContent/Materials/M_Ground_Gravel.uasset" 761
"D:/project_radium_repo/project_radium/Content/StarterContent/Textures/T_ground_Moss_D.uasset" 762
"D:/project_radium_repo/project_radium/Content/StarterContent/Textures/T_Ground_Moss_N.uasset" 763
"D:/project_radium_repo/project_radium/Content/StarterContent/Materials/M_Ground_Moss.uasset" 764
"D:/project_radium_repo/project_radium/Content/StarterContent/Materials/M_Metal_Chrome.uasset" 765
"D:/project_radium_repo/project_radium/Content/StarterContent/Textures/T_Metal_Gold_D.uasset" 766
"D:/project_radium_repo/project_radium/Content/StarterContent/Materials/M_Metal_Gold.uasset" 767
"D:/project_radium_repo/project_radium/Content/StarterContent/Textures/T_Metal_Rust_D.uasset" 768
"D:/project_radium_repo/project_radium/Content/StarterContent/Materials/M_Metal_Rust.uasset" 769
"D:/project_radium_repo/project_radium/Content/StarterContent/Textures/T_Metal_Steel_D.uasset" 770
"D:/project_radium_repo/project_radium/Content/StarterContent/Textures/T_Metal_Steel_N.uasset" 771
"D:/project_radium_repo/project_radium/Content/StarterContent/Materials/M_Metal_Steel.uasset" 772
"D:/project_radium_repo/project_radium/Content/StarterContent/Textures/T_Rock_Basalt_N.uasset" 773
"D:/project_radium_repo/project_radium/Content/StarterContent/Materials/M_Rock_Basalt.uasset" 774
"D:/project_radium_repo/project_radium/Content/StarterContent/Materials/M_Rock_Marble_Polished.uasset" 775
"D:/project_radium_repo/project_radium/Content/StarterContent/Textures/T_Rock_Sandstone_D.uasset" 776
"D:/project_radium_repo/project_radium/Content/StarterContent/Textures/T_Rock_Sandstone_N.uasset" 777
"D:/project_radium_repo/project_radium/Content/StarterContent/Materials/M_Rock_Sandstone.uasset" 778
"D:/project_radium_repo/project_radium/Content/StarterContent/Textures/T_Rock_Slate_D.uasset" 779
"D:/project_radium_repo/project_radium/Content/StarterContent/Textures/T_Rock_Slate_N.uasset" 780
"D:/project_radium_repo/project_radium/Content/StarterContent/Materials/M_Rock_Slate.uasset" 781
"D:/project_radium_repo/project_radium/Content/StarterContent/Textures/T_Checker_Noise_M.uasset" 782
"D:/project_radium_repo/project_radium/Content/StarterContent/Textures/T_Single_Tile_N.uasset" 783
"D:/project_radium_repo/project_radium/Content/StarterContent/Textures/T_Tech_Dot_M.uasset" 784
"D:/project_radium_repo/project_radium/Content/StarterContent/Textures/T_Tech_Dot_N.uasset" 785
"D:/project_radium_repo/project_radium/Content/StarterContent/Materials/M_Tech_Checker_Dot.uasset" 786
"D:/project_radium_repo/project_radium/Content/StarterContent/Textures/T_Tech_Hex_Tile_M.uasset" 787
"D:/project_radium_repo/project_radium/Content/StarterContent/Textures/T_Tech_Hex_Tile_N.uasset" 788
"D:/project_radium_repo/project_radium/Content/StarterContent/Materials/M_Tech_Hex_Tile.uasset" 789
"D:/project_radium_repo/project_radium/Content/StarterContent/Materials/M_Tech_Hex_Tile_Pulse.uasset" 790
"D:/project_radium_repo/project_radium/Content/StarterContent/Textures/T_Tech_Panel_M.uasset" 791
"D:/project_radium_repo/project_radium/Content/StarterContent/Textures/T_Tech_Panel_N.uasset" 792
"D:/project_radium_repo/project_radium/Content/StarterContent/Materials/M_Tech_Panel.uasset" 793
"D:/project_radium_repo/project_radium/Content/StarterContent/Materials/M_Water_Lake.uasset" 794
"D:/project_radium_repo/project_radium/Content/StarterContent/Textures/T_Water_M.uasset" 795
"D:/project_radium_repo/project_radium/Content/StarterContent/Materials/M_Water_Ocean.uasset" 796
"D:/project_radium_repo/project_radium/Content/StarterContent/Textures/T_Wood_Floor_Walnut_D.uasset" 797
"D:/project_radium_repo/project_radium/Content/StarterContent/Textures/T_Wood_Floor_Walnut_M.uasset" 798
"D:/project_radium_repo/project_radium/Content/StarterContent/Textures/T_Wood_Floor_Walnut_N.uasset" 799
"D:/project_radium_repo/project_radium/Content/StarterContent/Materials/M_Wood_Floor_Walnut_Polished.uasset" 800
"../../../Engine/Content/Functions/Engine_MaterialFunctions01/Opacity/AlphaOffset.uasset" 801
"D:/project_radium_repo/project_radium/Content/StarterContent/Materials/M_Wood_Floor_Walnut_Worn.uasset" 802
"D:/project_radium_repo/project_radium/Content/StarterContent/Textures/T_Wood_Oak_D.uasset" 803
"D:/project_radium_repo/project_radium/Content/StarterContent/Textures/T_Wood_Oak_N.uasset" 804
"D:/project_radium_repo/project_radium/Content/StarterContent/Materials/M_Wood_Oak.uasset" 805
"D:/project_radium_repo/project_radium/Content/StarterContent/Textures/T_Wood_Pine_D.uasset" 806
"D:/project_radium_repo/project_radium/Content/StarterContent/Textures/T_Wood_Pine_N.uasset" 807
"D:/project_radium_repo/project_radium/Content/StarterContent/Materials/M_Wood_Pine.uasset" 808
"D:/project_radium_repo/project_radium/Content/StarterContent/Textures/T_Wood_Walnut_D.uasset" 809
"D:/project_radium_repo/project_radium/Content/StarterContent/Textures/T_Wood_Walnut_N.uasset" 810
"D:/project_radium_repo/project_radium/Content/StarterContent/Materials/M_Wood_Walnut.uasset" 811
"D:/project_radium_repo/project_radium/Content/StarterContent/Architecture/Wall_400x200.uasset" 812
"D:/project_radium_repo/project_radium/Content/StarterContent/Architecture/Wall_Door_400x300.uasset" 813
"D:/project_radium_repo/project_radium/Content/StarterContent/Architecture/Wall_Window_400x300.uasset" 814
"D:/project_radium_repo/project_radium/Content/StarterContent/Audio/Collapse_Cue.uasset" 815
"D:/project_radium_repo/project_radium/Content/StarterContent/Audio/Starter_Music_Cue.uasset" 816
"D:/project_radium_repo/project_radium/Content/StarterContent/Textures/T_Dust_Particle_D.uasset" 817
"D:/project_radium_repo/project_radium/Content/StarterContent/Particles/Materials/M_Dust_Particle.uasset" 818
"D:/project_radium_repo/project_radium/Content/StarterContent/Particles/P_Ambient_Dust.uasset" 819
"D:/project_radium_repo/project_radium/Content/StarterContent/Props/MaterialSphere.uasset" 820
"D:/project_radium_repo/project_radium/Content/StarterContent/Textures/T_Frame_M.uasset" 821
"D:/project_radium_repo/project_radium/Content/StarterContent/Textures/T_Frame_N.uasset" 822
"D:/project_radium_repo/project_radium/Content/StarterContent/Props/Materials/M_Frame.uasset" 823
"D:/project_radium_repo/project_radium/Content/StarterContent/Props/SM_CornerFrame.uasset" 824
"D:/project_radium_repo/project_radium/Content/StarterContent/Props/SM_DoorFrame.uasset" 825
"D:/project_radium_repo/project_radium/Content/StarterContent/Props/SM_GlassWindow.uasset" 826
"D:/project_radium_repo/project_radium/Content/StarterContent/Props/SM_PillarFrame.uasset" 827
"D:/project_radium_repo/project_radium/Content/StarterContent/Props/SM_PillarFrame300.uasset" 828
"D:/project_radium_repo/project_radium/Content/StarterContent/Props/SM_WindowFrame.uasset" 829
"D:/project_radium_repo/project_radium/Content/StarterContent/Shapes/Shape_Cube.uasset" 830
"D:/project_radium_repo/project_radium/Content/StarterContent/Shapes/Shape_QuadPyramid.uasset" 831
"D:/project_radium_repo/project_radium/Content/StarterContent/Shapes/Shape_Sphere.uasset" 832
"D:/project_radium_repo/project_radium/Content/StarterContent/Maps/StarterMap.umap" 833
"D:/project_radium_repo/project_radium/Content/Interfaces/InteractInterface.uasset" 834
"D:/project_radium_repo/project_radium/Content/NPC/NPC.uasset" 835
"D:/project_radium_repo/project_radium/Content/Geometry/Meshes/1M_Cube.uasset" 836
"D:/project_radium_repo/project_radium/Content/ThirdPersonBP/Maps/Dialogue_Test.umap" 837
"D:/project_radium_repo/project_radium/Content/ThirdPersonBP/Blueprints/ThirdPersonGameMode.uasset" 838
"D:/project_radium_repo/project_radium/Content/ThirdPersonBP/Blueprints/ThirdPersonCharacter.uasset" 839
"D:/project_radium_repo/project_radium/Content/ThirdPersonBP/Maps/ThirdPersonExampleMap_BuiltData.uasset" 840
"D:/project_radium_repo/project_radium/Content/ThirdPersonBP/Maps/ThirdPersonExampleMap.umap" 841
"D:/project_radium_repo/project_radium/Content/Blueprints/Title_GameMode.uasset" 842
"D:/project_radium_repo/project_radium/Content/Sequences/TitleSequence4.uasset" 843
"D:/project_radium_repo/project_radium/Content/ThirdPersonBP/Maps/TitleMap_BuiltData.uasset" 844
"D:/project_radium_repo/project_radium/Content/Audio/GJ_-_Forest_1.uasset" 845
"D:/project_radium_repo/project_radium/Content/Audio/GJ_-_Forest_1_Cue.uasset" 846
"D:/project_radium_repo/project_radium/Content/ThirdPersonBP/Maps/TitleMap.umap" 847
"D:/project_radium_repo/project_radium/Content/ThirdPersonBP/Maps/Whitebox01_BuiltData.uasset" 848
"../../../Engine/Content/BasicShapes/Cylinder.uasset" 849
"D:/project_radium_repo/project_radium/Content/ThirdPersonBP/Maps/Whitebox01.umap" 850
"D:/project_radium_repo/project_radium/Content/ThirdPersonBP/Maps/Whitebox02_BuiltData.uasset" 851
"D:/project_radium_repo/project_radium/Content/ThirdPersonBP/Maps/Whitebox02.umap" 852
"../../../Engine/Content/Maps/Entry_BuiltData.uasset" 853
"../../../Engine/Content/Maps/Entry.umap" 854
